420694 77183 449
683335 553295 509
465802 515620 470
650865 956216 525
831380 563810 509
361524 976445 525
177013 136585 383
938583 602077 525
482003 427356 444
832791 770063 468
976632 436488 525
681266 913852 525
997809 14474 525
127330 81161 354
401559 757627 509
858675 985406 507
431082 596075 470
479092 7859 449
542214 981454 525
931241 33008 525
791684 77750 509
144672 103476 375
289188 692727 509
373971 912486 525
172795 572347 470
279636 112020 443
7758 513158 470
727064 787796 468
905759 514671 525
78746 202758 383
428720 724163 509
428006 482914 444
101135 457090 449
22229 850283 525
177541 415514 449
234758 619598 470
522411 429581 470
98613 591982 470
278675 359990 441
957269 628658 525
34374 290789 443
198664 55768 383
333109 683852 509
116139 307919 443
708031 509115 509
356337 821306 509
721262 656389 504
736686 375851 509
309305 894026 525
204942 322379 443
534559 944393 525
48369 80242 351
454125 645918 509
547697 86920 470
792078 529806 509
652948 253708 509
655051 958125 525
870415 668742 525
720936 501266 509
171625 134334 383
67045 679265 509
809442 556555 509
600467 513240 452
606797 745799 509
294884 979457 525
57300 614056 470
702816 563447 509
284742 260404 407
847825 344734 525
131467 404058 443
210181 154719 383
736952 929474 525
296699 833698 509
900360 577844 525
724117 844987 525
739804 587210 509
95986 136207 354
498739 507843 426
685693 458646 509
944722 241808 525
380004 679579 509
950631 675125 525
983897 60152 525
624036 275004 470
902359 860640 445
74844 773758 509
104382 643255 509
848773 636012 525
137576 314305 443
886558 80145 525
245778 141374 443
500453 184531 449
312331 34404 443
727978 826291 468
945393 897036 507
934321 700644 525
905119 498462 525
618948 705112 509
740458 565297 509
294280 930908 525
505822 262327 449
85874 881980 525
327522 176370 443
363211 259263 441
403951 833083 509
251924 758014 509
946999 172466 525
826845 644574 504
774608 593715 509
793970 947250 525
835027 603155 509
295200 822870 509
531790 55001 470
746444 672797 504
964104 798949 525
888739 574297 525
324288 815897 509
716360 253084 509
974461 446940 525
852769 846838 419
702442 608023 509
928113 309353 525
475625 985458 525
191836 535574 470
334742 226894 443
2145 425845 449
693614 314213 509
181145 133612 383
376423 812937 509
464075 591191 470
82112 816908 509
641210 433214 509
365636 214100 443
247238 697329 509
694218 724005 504
510389 708427 509
686339 60720 509
11086 583408 470
227978 382300 443
23710 677852 509
616324 606060 447
385110 882702 525
44754 289784 443
912148 50293 525
438722 567763 470
617833 870719 525
929996 325419 525
80353 738898 509
21897 18931 274
701626 883098 525
401263 461736 449
42484 821449 509
436967 118927 449
299802 693273 509
774458 247126 509
804545 332439 509
703685 814840 504
129959 881453 525
742483 181429 509
816721 681048 504
346409 462031 449
773427 464356 509
786914 98253 509
643642 454590 509
931363 106232 525
206023 692055 509
205955 991935 525
863709 402713 525
415475 918048 525
601581 213123 470
329051 598341 470
113425 388934 443
360354 197940 443
746439 305922 509
604452 36948 470
520615 9714 470
638370 849544 525
257870 191390 443
93995 696543 509
311457 763520 509
126346 182315 383
603140 738005 509
884748 640254 525
168949 479492 449
601209 970525 525
972347 285823 525
114280 947731 525
718933 13604 509
135132 661155 509
195312 611609 470
191531 226131 386
656662 300603 509
265317 456996 449
367936 722667 509
45511 67742 340
32137 487301 449
510108 81582 449
704906 937931 525
944427 199789 525
951688 943863 414
623569 759076 509
672567 464880 509
244917 713599 509
683554 79024 509
5723 183411 383
743431 282443 509
159335 761637 509
661205 86533 509
451694 680485 509
848397 351820 525
500642 513069 470
898381 141147 525
463255 834488 509
129495 196809 383
519267 960471 525
626726 569965 509
825435 899380 525
240623 857791 525
638307 644697 416
729609 138987 509
248522 467004 449
724109 351313 509
476767 633002 509
226387 681100 509
520953 439108 470
304039 7774 443
850520 990121 507
408910 977500 525
959955 882208 507
697932 787557 504
854534 663835 525
445074 705003 509
681314 415048 509
115686 222656 386
197278 762050 509
846386 729606 525
959812 534197 525
303469 900918 525
102114 789562 509
13134 954059 525
361103 503600 449
797800 713990 468
601808 668651 509
933179 699026 525
81802 591532 470
600903 80173 470
727320 66191 509
116030 472467 449
85899 27570 351
131784 450053 449
527917 596940 452
867794 373226 525
196443 732429 509
546031 740249 509
411086 774599 509
678910 398867 509
209759 957529 525
523709 820668 509
617704 241643 470
40540 587651 470
203598 665013 509
684984 317019 509
373786 679892 509
386832 497860 449
520784 905023 525
354921 800651 509
428430 570941 470
519217 628176 509
38947 106895 354
870960 302985 525
491806 144587 449
554812 924582 525
877124 787349 525
5468 303132 443
518036 890062 525
969825 387305 525
201507 330603 443
662416 154398 509
121107 376996 443
895066 377377 525
934098 865418 476
775261 833097 468
485457 127255 449
833074 369610 509
109378 198417 383
612124 411306 470
341331 732921 509
924688 588376 525
919177 157964 525
783008 423049 509
409507 543957 470
909757 829732 525
598799 261378 470
660331 539054 509
653870 72226 509
230441 264687 443
727511 906911 525
517488 113317 470
113848 589688 470
630288 595794 509
127660 916047 525
201580 713733 509
487323 954203 525
229490 702910 509
631028 396673 509
74402 744038 509
235350 86474 443
557583 887353 525
872510 444600 525
801118 809725 406
850547 966849 507
783088 32920 509
671680 593548 509
602514 424727 470
28593 719526 509
112430 954613 525
812339 411082 509
466945 272476 449
69774 540574 470
596782 575390 434
605764 480214 470
532519 78019 470
661223 999634 525
461198 542672 470
89119 998790 525
509361 713948 509
913363 441472 525
661179 504218 509
881073 652462 525
788377 21701 509
194851 251868 443
189572 415842 449
457038 742929 509
49394 485112 449
966127 580598 525
646496 975081 525
221002 623323 470
115604 434222 449
552116 15000 470
4331 172466 383
224895 246170 443
737878 776581 468
867941 339630 525
513970 169475 470
152826 65335 375
434600 884958 525
518593 629299 509
624286 879581 525
905926 894933 401
76509 519409 470
633645 557314 509
415589 778703 509
415549 263792 449
135566 112244 349
105537 531511 470
728878 955461 525
628680 120320 509
692808 859252 525
636048 116712 509
978165 126691 525
942433 243772 525
792945 877822 525
169171 596425 470
293074 118292 443
92592 835432 509
587388 940954 525
502418 436818 444
454923 709847 509
720238 33243 509
337029 706099 509
90853 263401 443
890728 793129 525
31400 136035 354
472664 590159 470
363077 780469 509
294158 617615 470
568604 500507 470
738742 635299 504
673101 359360 509
694367 575470 509
419790 346421 449
777880 369319 509
205980 856162 525
750793 822590 468
1645 240528 443
101322 283248 443
519790 357501 470
466409 133580 449
529302 417353 470
414342 383791 449
480005 956861 525
238866 601517 470
155147 590693 470
15147 800708 509
487444 345455 449
235686 992558 525
538811 204751 470
765334 950145 525
572690 128137 470
235794 511571 449
732158 832440 468
549353 77188 470
851806 787011 525
582670 50729 470
492320 192006 449
531563 244548 470
675028 819375 504
782723 772286 437
279833 99532 443
534188 43183 470
316878 854602 525
333621 565793 470
252828 634708 509
746445 999759 525
68552 540224 470
395826 978475 525
158056 625091 470
999708 428738 525
130851 106745 349
238336 205765 443
131993 341042 443
525295 868113 525
712164 457748 509
119210 434945 449
717442 863989 525
889390 240330 525
596783 701945 509
362774 486850 449
596576 547715 434
630587 440816 509
229700 407965 443
903410 174672 525
452930 333030 449
321040 965701 525
678664 526778 509
983021 384234 525
908974 761713 525
597444 96503 470
166494 980512 525
132205 105560 354
189135 922149 525
497195 60000 449
993921 283291 525
427416 806609 509
539833 443753 470
996768 687074 525
871691 61760 525
181276 50589 383
770234 65472 509
750681 359115 509
920077 717430 525
689016 113736 509
793650 616652 509
533596 708190 509
947652 994521 458
548331 798486 509
609126 952497 525
508208 734180 509
666701 551996 509
5783 609798 470
843953 608132 525
989888 649770 525
966531 980693 458
503689 420188 444
130708 267979 443
292733 117230 443
707354 892916 525
175583 444010 449
87143 77110 338
952861 49768 525
251096 274258 407
638121 40051 509
245562 704440 509
92579 707079 509
809315 992716 525
640844 725498 504
195070 588032 470
904957 692944 525
614095 572650 434
504739 618561 470
336378 310720 384
705808 920634 525
84365 79696 320
517404 129559 470
277831 63868 443
180243 137594 383
681874 96836 509
106652 319 354
224115 79506 386
699064 273149 509
528760 936781 525
624855 938447 525
240817 316962 407
679574 628191 442
962598 400653 525
583675 230632 470
277049 131018 443
619682 274027 470
622800 907317 525
395506 367627 436
989145 356673 525
621615 180698 470
315354 140957 443
811370 726084 468
256560 894829 525
42508 19010 324
751952 615688 509
191318 55399 383
347841 11687 443
954876 53703 525
616413 843953 525
854432 22736 525
114565 584821 470
360817 311344 441
98098 405296 443
339572 156362 443
584800 455353 470
333681 151024 443
316589 657926 509
73965 35134 340
159725 541153 470
676479 931488 525
162845 306068 443
378977 210504 443
770349 310709 509
277358 795557 509
557472 93637 470
223925 953786 525
505470 392668 449
930147 860518 476
160789 762421 509
612788 99406 470
468034 352442 449
299223 311574 371
121334 657989 509
767502 630764 504
281062 103100 443
401884 53015 443
246983 163146 443
957124 813989 525
571966 855109 525
456020 750653 509
483025 987933 525
183000 144149 383
593922 106752 470
435107 616531 470
967364 444479 525
437475 78916 449
691330 624607 509
331769 704142 509
862021 449891 525
572125 432542 470
157250 459283 449
756967 124015 509
989809 591333 525
4332 800781 509
952427 744338 525
763704 31750 509
270387 725334 509
273085 235073 407
428712 259808 449
791022 101935 509
853937 175779 525
866795 864084 388
806361 82696 509
680192 98913 509
488113 60190 449
988357 675175 525
696757 792335 504
77982 608552 470
565023 218546 470
969142 496498 525
734808 863190 525
600070 745233 509
357886 93356 443
757815 956091 525
843336 838318 388
401443 996939 525
64251 475543 449
660458 888932 525
874203 640672 525
483347 841793 525
429132 876113 525
324999 976085 525
602635 490282 470
642363 852916 525
602379 34045 470
970940 36384 525
186668 252837 443
833268 252319 509
250425 427842 449
33229 564329 470
550480 245628 470
350487 187283 443
431038 11856 449
679806 906438 525
467711 736878 509
18461 705515 509
309892 952314 525
433776 758955 509
73929 987324 525
643256 528587 509
542022 612732 452
736598 698715 504
797745 762065 468
345328 987208 525
185515 463863 449
600793 222282 470
897962 513229 525
27169 384894 443
751698 798787 468
885423 964906 507
899456 702645 525
849725 31466 525
736240 156564 509
438006 513417 470
598608 34915 470
544241 417522 470
318174 358142 441
562265 746327 509
15131 396377 443
392409 639923 509
449825 606678 470
786531 225960 509
230509 551573 470
540302 755886 509
13394 437687 449
551495 735246 509
458959 994861 525
223293 687105 509
209876 864244 525
11414 919698 525
409098 78360 443
316467 355242 441
217928 173718 386
67035 179019 383
49406 999924 525
151845 897131 525
902835 222736 525
56328 413696 449
686015 800609 504
533613 23251 470
265646 34715 443
456111 341045 449
445677 810905 509
137096 442545 449
257837 910249 525
415497 753478 509
273470 20972 443
712527 396889 509
314214 421154 449
759686 786787 468
124928 512458 470
384463 904008 525
894940 620680 525
416153 166432 449
932622 808774 525
435076 635554 509
624562 475305 470
914264 694173 525
237814 145040 443
571626 500058 470
77982 205530 383
166331 618500 470
770224 967377 525
248450 347318 441
486054 82967 449
803858 630608 504
254016 44903 443
837518 198254 509
548967 984565 525
11831 694343 509
778395 215525 509
406605 141174 443
772482 745 509
23447 527536 470
863122 748581 525
380664 178365 443
768482 504580 509
196251 230609 386
521481 635105 509
210820 645265 509
730812 527549 509
380753 534102 470
42925 278081 443
118031 922809 525
405402 224381 443
821097 559535 509
360171 540260 470
793633 125441 509
569693 467648 470
476323 10369 449
928629 50273 525
428919 164483 449
670282 511396 509
142946 410607 449
557270 162707 470
126792 422567 449
918197 862107 476
665061 972045 525
321687 101508 443
341156 665466 509
888793 2968 525
142456 964411 525
706995 949509 525
545903 520193 408
943183 945074 383
590261 325293 470
9741 771818 509
126001 936099 525
954128 947480 414
187980 993383 525
83994 744722 509
531716 682941 509
310249 830577 509
603620 511434 470
307134 820365 509
810392 683622 504
571066 753687 509
68553 529828 470
307736 871249 525
805395 659046 504
177015 798387 509
615593 670712 509
343544 16424 443
118747 860716 525
864061 74300 525
815489 83257 509
449214 635629 509
709857 963693 525
686851 40544 509
191934 420888 449
670057 66515 509
126284 528908 470
17110 435753 449
845609 57274 525
137598 490344 449
446764 250468 449
310746 499453 449
92157 444830 449
987154 309031 525
353266 585584 470
370985 179177 443
126541 303211 443
599457 864591 525
233108 21391 443
544687 100760 470
608505 60724 470
209027 871901 525
485711 756069 509
601793 558582 434
248499 125422 443
857380 904997 445
274689 767500 509
758817 737508 424
464758 664535 509
96100 372657 443
354190 393379 436
823466 944432 525
915488 416261 525
354227 887378 525
6848 732608 509
799304 963241 525
76467 386028 443
63623 652123 509
257436 664740 509
936792 275060 525
473929 235413 449
441635 91556 449
658283 703839 442
514003 898222 525
756215 639436 504
730963 50680 509
894181 914548 476
181778 375879 443
382247 276079 441
477755 660136 509
124427 651304 509
531157 886529 525
512269 396367 470
767963 733811 468
276372 391825 441
544410 168081 470
811471 515859 509
423327 231808 449
581539 469989 470
937147 635127 525
841696 659181 525
465623 552310 470
388948 921322 525
642051 666538 442
15016 532747 470
607334 637322 509
932560 262526 525
450604 362913 449
25019 664354 509
136421 300692 443
553298 792206 509
631289 467864 509
642111 260684 509
795244 146977 509
325407 986626 525
795183 268980 509
255110 459626 449
515882 743653 509
611833 478148 470
155144 638605 509
787768 665805 504
281239 405229 441
559402 581808 421
986677 129007 525
332436 155518 443
259906 502387 449
16581 422608 449
923851 361913 525
69167 896665 525
553731 263044 470
604846 404588 470
13671 881498 525
14813 467153 449
699085 612777 509
452255 468767 444
751795 186456 509
388592 796235 509
81286 124744 354
547449 863637 525
709540 888419 525
800826 238944 509
401230 990731 525
186577 617262 470
153679 757387 509
731134 715424 411
842658 17877 525
924850 774936 525
169611 551106 470
624613 723425 509
844826 295352 525
883943 477169 525
835432 870106 525
748121 395724 509
470 600721 470
246231 189636 443
697068 778253 504
32885 133223 354
921392 886456 476
974018 291074 525
850766 800032 525
254703 422256 449
740410 865467 525
972662 753514 525
380595 820548 509
908793 743693 525
861798 895697 445
872373 768869 525
931254 533980 525
101147 518661 470
446848 187823 449
518562 76099 470
529558 638211 509
293048 545070 470
519971 737856 509
416778 66959 449
796121 328252 509
821186 790840 468
25271 51647 324
228151 758709 509
96943 800795 509
58761 384155 443
456251 55226 449
752652 117602 509
344699 673443 509
265730 722401 509
382834 285458 441
327829 905598 525
171997 311989 443
774892 327805 509
137168 854492 525
183155 140095 383
7677 33702 308
648185 309788 509
103319 412457 449
729736 755945 424
214006 557050 470
461755 999004 525
426953 233963 449
996384 406471 525
536544 16295 470
937807 232652 525
156882 495412 449
74174 359553 443
946679 847191 507
434944 589292 470
263843 342660 407
377847 11444 443
943689 27555 525
491787 59057 449
285085 106625 443
39869 89395 351
223626 398562 443
662588 798678 504
748647 419086 509
378701 93234 443
506932 915620 525
195996 379824 443
43710 368740 443
547753 778273 509
556005 696196 509
316133 499845 449
929066 811384 525
909725 900975 445
613022 295245 470
960805 127770 525
243198 705900 509
814425 790005 468
881953 578489 525
912840 172327 525
382244 592970 470
355669 116064 443
457224 558215 470
992568 864700 507
801318 801020 393
99686 348167 443
9565 747607 509
997483 747726 525
954355 604526 525
853861 122570 525
179077 921322 525
187781 412229 449
569747 196070 470
161311 674990 509
875426 478869 525
885323 819755 525
362474 493751 449
326283 6375 443
799701 751030 468
418769 834124 509
615598 683222 509
785524 570005 509
948243 372664 525
517480 885695 525
787811 231761 509
13279 596998 470
978739 480064 525
449452 105399 449
202190 383704 443
71043 326243 443
748356 844791 525
676284 197212 509
25805 697304 509
998628 981289 440
782427 302023 509
167440 88018 383
566998 794040 509
75253 625868 470
366718 822384 509
879108 599454 525
209243 609251 470
993062 116330 525
255160 918183 525
904058 822068 525
850718 118507 525
796612 323530 509
817557 153077 509
308968 959548 525
598006 759833 509
137434 690216 509
190141 23865 383
375663 556002 470
579776 987190 525
399311 480809 449
677093 539715 509
43945 655980 509
869150 423015 525
433292 434793 343
118143 60060 354
580664 769899 509
48546 382882 443
518228 849938 525
501669 410743 444
927186 978806 507
353138 489450 449
144681 751076 509
21222 268100 443
783696 607330 509
226844 160806 386
817616 849934 525
46269 504418 449
920006 141550 525
516101 73860 470
381161 512583 470
935951 480377 525
195343 902292 525
504030 82899 449
469011 228204 449
147685 720582 509
976918 4018 525
488577 113480 449
537162 315528 470
466886 763737 509
145876 947494 525
806113 814283 406
575841 215668 470
978215 222036 525
855592 143796 525
781946 12643 509
568980 221902 470
123225 132429 344
264416 526213 470
607997 552618 434
21836 402141 443
122112 598190 470
568314 331094 470
443378 702874 509
841763 385912 525
419963 752099 509
655796 862436 525
403070 303197 441
638454 666667 442
889780 246065 525
864841 350914 525
728744 512483 509
348725 284228 441
282272 235704 407
909848 361399 525
766946 906385 525
424258 892920 525
645821 116453 509
430460 93321 449
378665 309758 441
345764 510087 449
808373 595812 509
623904 271507 470
346799 469541 449
24316 374950 443
437949 697532 509
823304 706856 468
852737 553556 525
784836 844793 525
697234 165396 509
533797 675358 509
942307 494532 525
783448 527099 509
227135 227844 293
21993 802079 509
405812 485518 449
454985 877395 525
532544 220465 470
414414 902135 525
875948 143890 525
497432 917371 525
600873 295664 470
826966 292117 509
559218 118284 470
436220 477581 444
83280 253823 443
540876 138939 470
314909 963733 525
526903 171159 470
280169 225441 443
188103 187105 329
542055 959967 525
580066 600690 434
48289 996548 525
86784 142452 354
383084 990641 525
820859 1605 509
120371 206980 383
762722 791130 468
332520 907134 525
755743 816168 468
950533 279762 525
655402 582878 509
142135 105023 354
704645 654271 504
128191 77033 354
874441 314950 525
660524 565484 509
249193 441345 449
511470 953933 525
59396 15900 340
836820 705545 468
558711 811915 509
146312 800902 509
299990 822552 509
338296 248564 407
410222 192399 449
501029 42271 449
645431 555827 509
157531 644123 509
108685 641098 509
692193 836951 504
793062 776476 437
806092 672742 504
503885 730081 509
321889 623818 470
676559 728713 504
135153 144029 375
626238 288107 470
917424 46642 525
555676 599283 434
918443 805484 525
607244 411050 470
725694 677359 504
123219 797660 509
657881 535695 509
346895 829525 509
325539 633791 509
739539 995195 525
880037 630991 525
562498 883691 525
452834 255937 449
711103 241566 509
313432 41564 443
675366 571957 509
512073 460545 470
190107 982582 525
615471 943655 525
671014 969053 525
604364 33505 470
423762 240451 449
936107 395471 525
896379 161089 525
149259 824150 509
651072 28221 509
110467 108984 310
210345 672391 509
269540 631800 509
178824 973298 525
869387 994055 507
692023 723466 504
68649 274349 443
719504 233477 509
908940 974039 507
476773 854055 525
672248 723112 504
389570 534392 470
905959 866825 445
261974 93333 443
860250 783573 525
837041 108772 509
744425 861519 525
972578 560419 525
968959 825419 525
788543 1204 509
519371 337179 470
596528 82248 470
453752 905225 525
313767 508562 449
768485 570076 509
166851 940382 525
344527 115611 443
404522 81466 443
245460 605296 470
652020 590835 509
18720 800767 509
183112 689512 509
210715 827094 509
711024 788467 468
324154 393838 441
421322 584886 470
456270 271888 449
370334 989254 525
406284 181679 443
102606 314531 443
912170 348764 525
221773 685406 509
392524 33229 443
422484 252643 449
673272 774656 504
183814 672436 509
430004 113170 449
453346 819769 509
282753 215162 443
722339 515919 509
631424 489866 509
549378 369061 470
787034 417727 509
880832 286646 525
901992 190625 525
151830 441845 449
443178 591940 470
236906 379988 441
76023 474306 449
196813 43762 383
339295 393168 441
918742 571636 525
481135 584546 470
803852 91889 509
758217 554399 509
906096 553560 525
457070 3485 449
370166 552173 470
473999 548040 470
86271 398131 443
25389 664400 509
19822 452703 449
346597 883314 525
562465 372727 470
794625 802588 468
791736 859871 525
415762 421438 387
304729 578379 470
399435 377752 436
173922 302799 443
84505 764218 509
421315 56182 449
850856 714012 525
19394 770221 509
16271 947453 525
887190 332222 525
350579 688645 509
843623 958460 507
966272 819364 525
122642 759019 509
229540 533420 470
435777 651752 509
378415 149281 443
331066 622117 470
708713 774901 468
605447 727853 509
443999 656418 509
353477 573861 470
132961 28297 354
565091 698072 509
731626 690665 504
825391 572267 509
587200 332680 470
439756 508348 444
485156 142182 449
594768 192524 470
643549 581183 509
236589 198769 443
422331 814566 509
306728 386668 441
876654 392766 525
158221 761812 509
750850 152572 509
292016 841798 525
744077 111186 509
373857 410130 449
836589 346491 509
816999 83857 509
412752 70781 449
247917 126796 443
873937 379407 525
196622 720137 509
956298 529836 525
188736 507936 449
82887 821110 509
57641 576020 470
944268 454022 525
345919 887356 525
441382 676599 509
310307 509094 449
120888 70225 354
213477 334495 443
54396 24064 340
642801 10805 509
996665 862930 507
372680 88399 443
940654 213405 525
985159 930721 507
736855 666104 504
682688 547768 509
257054 792384 509
507449 40991 449
144248 309726 443
44758 480514 449
992657 271537 525
94115 587322 470
826407 517891 509
62463 822608 509
968142 189603 525
129256 228910 386
67474 232143 443
814310 538729 509
454584 5919 449
227105 479962 449
416111 408021 449
975521 612475 525
597020 221994 470
634703 824597 504
200719 246825 443
839074 566651 525
674025 951905 525
72000 855597 525
909683 483503 525
549416 612155 434
682065 886588 525
413984 754586 509
332981 251047 407
120082 787586 509
144795 897524 525
32916 781210 509
657162 832462 504
528821 512746 439
491539 783165 509
19260 433145 449
443094 654071 509
920209 146833 525
152352 734338 509
387229 9973 443
22482 551191 470
133241 610821 470
894063 832124 525
364757 295969 441
653451 787104 504
508425 691067 509
230763 402643 441
269628 781770 509
805121 503227 509
739737 211332 509
77232 69265 351
929560 153425 525
474902 908895 525
335472 421233 449
296607 760043 509
272970 684893 509
350666 175110 443
447579 223605 449
201188 760251 509
875897 395103 525
211580 603738 470
812492 959735 525
3832 224357 386
385418 760277 509
969627 525579 525
633319 16777 509
806350 344204 509
399051 777911 509
594114 738684 509
117743 857567 525
603271 119895 470
858691 943036 507
338981 681877 509
232284 623817 470
116526 46097 354
274547 334075 389
555149 865768 525
811488 319032 509
258311 262568 345
713606 204254 509
666882 168490 509
503533 422030 444
762178 605294 509
653408 477587 509
531830 767349 509
802075 637789 504
94496 483022 449
418853 836602 509
343967 758738 509
682710 159905 509
61697 714974 509
494951 923843 525
851782 612607 525
639131 14704 509
86431 207318 383
423102 547847 470
237978 840349 525
39769 239320 443
137690 483869 449
942381 521394 525
867242 88247 525
419530 194596 449
478663 158635 449
22277 279669 443
589993 16795 470
162050 53699 383
545785 394714 470
705930 962241 525
479645 199002 449
369871 577518 470
619557 472366 470
428005 148966 449
238339 173676 443
360161 337432 441
82102 539086 470
4487 295886 443
138481 448310 449
883412 373382 525
509010 862710 525
955534 269513 525
110668 837238 509
51885 890119 525
865473 749570 525
44367 54998 340
352361 700630 509
733782 499721 509
800010 673262 504
651086 121338 509
964786 844352 507
580767 674430 509
712771 60421 509
453371 392380 449
756411 326915 509
152205 184978 383
572279 905136 525
684654 132085 509
271243 284736 389
205325 732228 509
225400 203507 386
641504 308771 509
18827 955100 525
972479 863930 507
178352 233328 443
309809 998227 525
54106 635432 509
614539 684618 509
376603 486422 449
315990 612917 470
453205 10328 449
363446 45091 443
292028 750998 509
269676 187942 443
695223 224864 509
31694 995687 525
395560 491876 449
954302 749799 525
112036 438030 449
153829 494198 449
272381 175272 443
940690 273359 525
9256 19302 279
854269 143284 525
884130 510706 525
254188 806940 509
79596 338266 443
845221 824843 525
548730 914645 525
729008 552257 509
17924 738478 509
370293 337430 441
945628 174199 525
114815 188418 383
218669 104867 386
919393 904505 476
587865 773769 509
423786 407441 449
38350 3204 324
33930 680973 509
907399 829525 525
283363 604127 470
657093 165538 509
419975 679692 509
625259 243082 470
901711 266818 525
792606 823086 468
546260 529186 408
744220 973125 525
255078 290926 407
268944 833071 509
275047 227600 443
111441 433604 449
993601 915099 507
676449 367575 509
693363 567012 509
326445 744607 509
729717 240147 509
63786 164902 383
370208 639126 509
236975 656421 509
825061 890669 525
817221 303773 509
334193 927594 525
277598 293394 389
756671 977602 525
321329 346421 441
864099 61028 525
314036 34627 443
494521 333221 449
949415 211208 525
81194 28032 351
268230 506304 449
736142 878997 525
984422 851253 507
64399 745037 509
309581 483156 449
525103 531720 408
346603 311955 441
565879 370271 470
791854 762505 468
428883 849846 525
179522 786100 509
886024 993318 507
985661 348001 525
132314 87665 354
122895 954767 525
791347 914577 525
298341 66311 443
30313 584389 470
723973 603519 509
587783 278904 470
397998 290651 441
491396 357362 449
76042 439483 449
398354 518186 470
124760 542287 470
256165 506573 449
9085 941120 525
73843 121884 354
108904 12629 354
659314 67607 509
589010 77790 470
510092 152064 449
751273 48268 509
123482 344942 443
92243 349656 443
355756 89453 443
276071 192822 443
728375 263729 509
16427 344793 443
309247 47625 443
540937 365761 470
893112 555736 525
912405 221438 525
981453 196050 525
308407 161205 443
874205 603099 525
804283 332476 509
352272 249913 441
166208 684797 509
403624 816155 509
829769 583572 509
936916 874077 476
259772 657232 509
387026 911072 525
288509 582292 470
30308 203309 383
672446 391133 509
232433 517935 470
960805 597142 525
647911 858280 525
304805 664867 509
578589 40871 470
434491 105959 449
97450 922235 525
639185 373910 509
341358 707381 509
82774 970527 525
114205 769923 509
836543 558698 509
774219 774836 331
65275 144723 375
440500 309373 449
722898 658355 504
512551 534545 439
660770 235795 509
338143 139508 443
374686 279909 441
437409 474420 444
255321 621926 470
7507 373848 443
882091 47518 525
729890 442043 509
406903 438483 449
844612 427080 525
810910 917748 525
937556 3635 525
102872 414335 449
876198 541073 525
14090 672796 509
699693 291016 509
725205 97618 509
638437 368962 509
18331 180950 383
861022 293998 525
126278 169158 383
521869 998571 525
354251 639959 509
747406 954325 525
245462 322232 407
148457 290309 443
664302 869481 525
953657 195391 525
15667 403061 443
299311 247603 407
565908 329172 470
764756 707679 424
724468 21906 509
884949 870706 432
188787 143202 383
415803 386260 449
138356 642787 509
315967 892469 525
439207 989794 525
770441 956721 525
108674 316088 443
877967 412993 525
39767 795241 509
725149 752985 424
764595 233003 509
376587 615502 470
392994 173306 443
869165 466790 525
1515 598323 470
557211 12649 470
568768 675798 509
709230 307820 509
238418 56883 443
5229 910772 525
339721 415187 449
207836 633624 509
997775 430591 525
357093 269035 441
660956 329980 509
102898 688446 509
2753 623101 470
292356 607687 470
133911 545548 470
905688 898765 401
72524 174637 383
546094 437539 470
928933 392396 525
808427 4282 509
706879 683915 504
470074 705908 509
492549 179906 449
778396 963025 525
259791 159165 443
856280 476451 525
814156 96171 509
26068 239171 443
812848 958385 525
800868 512024 509
245294 558085 470
605563 522238 452
866603 629928 525
986654 617655 525
864068 705552 525
269735 541764 470
811020 474603 509
530816 555450 452
590612 902556 525
404745 469514 449
693625 68760 509
996636 650900 525
353524 463366 449
499193 907385 525
127410 146666 375
864192 757056 525
242825 903646 525
35009 313436 443
381298 98327 443
388109 228693 443
82259 819144 509
26803 828604 509
61613 560482 470
789429 89432 509
606039 173204 470
818988 89480 509
887910 799622 525
942341 825496 525
292328 665640 509
664510 639414 429
2537 742251 509
248822 359586 441
458012 640070 509
349268 459275 449
869337 944587 507
379347 847861 525
880368 679153 525
963713 307632 525
833627 251372 509
534808 468785 470
399867 417101 449
474362 990765 525
76158 832013 509
327669 455932 449
913577 573567 525
172328 45922 383
603481 890629 525
812207 925805 525
999567 63243 525
168679 315852 443
475837 196486 449
891062 453687 525
215717 379189 443
530931 809613 509
499463 616963 470
566843 281808 470
474980 934843 525
293410 443624 449
978874 781653 525
267224 293722 407
94534 136568 354
258592 336471 407
834787 249814 509
85635 726420 509
160903 40364 383
747640 844496 525
820568 161774 509
566953 908973 525
906752 756814 525
686046 198711 509
724888 814979 468
463776 376217 449
591103 513324 452
934637 780978 525
439697 709204 509
865449 780285 525
817213 438288 509
708178 931553 525
859846 76443 525
292663 144750 443
424427 46138 449
192866 450665 449
837420 738228 468
785406 255933 509
698358 984160 525
342919 439247 449
928461 157539 525
13877 65988 340
947923 717942 525
723213 264018 509
75741 331272 443
625747 838950 525
596406 310667 470
424600 934858 525
184554 22170 383
195395 74274 383
99064 31567 351
382065 839262 525
174837 571257 470
559254 170642 470
115181 372687 443
223827 292410 443
847117 527399 525
489107 983812 525
310190 895450 525
890289 616689 525
366600 23282 443
486540 836949 509
407384 570122 470
769149 391263 509
20149 723929 509
19423 149497 375
288746 735904 509
28183 250421 443
78191 726162 509
926837 500490 525
460394 269444 449
898574 331139 525
498496 719132 509
577709 530168 452
620350 785438 509
136667 788368 509
582231 819839 509
901804 20970 525
642505 367182 509
779581 926356 525
68282 584287 470
910100 320358 525
470547 1489 449
404519 121835 443
946396 643505 525
772075 324456 509
525519 707711 509
384252 963967 525
620736 95343 470
95288 38832 351
444682 240612 449
834501 546971 509
997550 484697 525
72648 638426 509
992403 611590 525
136871 9057 354
326 459736 449
759090 328814 509
795371 996583 525
266627 827245 509
593384 307193 470
663859 977484 525
967483 394459 525
361787 65868 443
86073 313849 443
433443 33621 449
769386 148274 509
613554 233130 470
358050 163180 443
580058 578954 359
285694 827505 509
364285 456265 449
949418 656736 525
765994 625593 509
610625 75330 470
674172 275058 509
476243 819598 509
512718 752995 509
987450 672509 525
679979 480608 509
743167 623510 509
599645 667859 509
795768 791447 437
926902 923995 370
14803 22243 279
841537 865367 419
460619 376352 449
171667 530807 470
937521 680360 525
720794 129794 509
448904 13356 449
11837 117797 354
572775 812190 509
525462 22046 470
684266 310565 509
261937 907812 525
28036 229832 386
16969 795280 509
869629 977211 507
982857 500398 525
965678 689744 525
705163 190967 509
279402 255980 407
566441 16048 470
467206 105430 449
807322 823748 450
148312 995134 525
313967 456511 449
760199 141050 509
466614 55587 449
746252 522946 509
927041 433553 525
133888 257490 443
754250 822696 468
902066 521289 525
458544 456343 356
263666 763404 509
30877 876681 525
347699 441788 449
511832 851603 525
741881 385851 509
82405 576167 470
205457 749189 509
493022 765240 509
695537 935303 525
7236 291674 443
609368 376517 470
154474 959067 525
806711 669596 504
717722 638106 504
327549 280612 389
995935 683590 525
406209 521786 470
448401 957190 525
348918 983451 525
308524 920362 525
866800 262445 525
760519 592597 509
612199 451447 470
96253 800375 509
730282 156932 509
45630 315593 443
472710 518374 470
623016 427738 470
492440 701116 509
187296 854194 525
792146 88005 509
497309 263757 449
385204 262049 441
837197 990652 525
989506 152535 525
565024 145989 470
692062 164247 509
379670 699426 509
170070 172950 334
741870 51359 509
997109 650619 525
103746 436897 449
78729 669598 509
712405 457180 509
3240 996368 525
958014 119724 525
131081 796237 509
404891 152949 443
464584 24671 449
211727 822819 509
487944 983014 525
487709 360670 449
575947 546682 421
482298 10069 449
631471 752988 504
161281 900790 525
508205 842102 525
709644 757260 424
142540 916546 525
886105 733832 525
434821 379521 449
81552 350382 443
898397 63649 525
723277 394145 509
553429 742892 509
572702 473948 470
724540 759392 424
890174 470680 525
195856 740863 509
889923 384260 525
874201 782956 525
678447 535903 509
292922 645378 509
52462 897872 525
411342 189870 449
636346 932142 525
202269 832413 509
175456 999329 525
904549 494767 525
801766 746044 468
589999 135065 470
206821 737592 509
37011 633273 509
875339 720911 525
55756 315116 443
365812 456274 449
970626 577280 525
282707 125447 443
382154 479370 449
796595 149277 509
394996 972997 525
288589 912313 525
174401 447422 449
501733 187056 449
370963 174619 443
938331 891279 476
930497 930952 370
271223 935819 525
380378 548631 470
474077 296125 449
24381 40135 324
999791 18596 525
787733 584318 509
802768 756630 468
16813 532710 470
913532 301791 525
249680 715211 509
370742 691238 509
243976 187323 443
530839 488890 470
793894 499145 509
540542 930956 525
787984 995328 525
469377 914121 525
982549 431401 525
272492 751810 509
423612 763833 509
972678 975131 383
674422 467529 509
926728 468381 525
783293 864409 525
972236 186343 525
480875 167843 449
486788 718540 509
833979 854341 525
224097 555164 470
567923 458404 470
645780 772148 504
803413 646336 504
906911 126224 525
595221 951315 525
48681 931629 525
234115 555664 470
649136 716740 504
557171 451443 470
881241 49359 525
190708 737595 509
560747 782521 509
598624 945330 525
210886 718816 509
380963 547892 470
650855 165251 509
860733 552111 525
471490 478113 382
86231 408073 443
873896 80736 525
505994 401936 449
248339 978398 525
440574 840337 525
325244 938447 525
999274 160091 525
494333 220863 449
208826 796562 509
812414 673794 504
415780 811979 509
96025 455654 449
684363 643675 442
236028 186798 443
938523 788277 525
109452 916031 525
931791 602676 525
710875 100280 509
638238 326556 509
804460 57532 509
61180 683025 509
570055 17725 470
501274 841898 525
19087 973192 525
993639 209386 525
546072 812858 509
513863 899979 525
765999 167138 509
97915 452102 449
844264 862430 419
